<?xml version="1.0" encoding="UTF-8"?>
<coverage generated="1458003175755" clover="3.2.0">
	<project timestamp="1458003175755"  name="All Files" >
		<metrics statements="44"  coveredstatements="39"  conditionals="76"  coveredconditionals="46"  methods="32"  coveredmethods="28"  elements="152"  coveredelements="113"  complexity="0"  packages="6"  files="7"  classes="7"  loc="92"  ncloc="92" />
		<package name="app" >
			<metrics statements="3"  coveredstatements="3"  conditionals="4"  coveredconditionals="3"  methods="1"  coveredmethods="1" />
			<file name="AppDispatcher.js"  path="/home/ubuntu/workspace/pypestream/app/AppDispatcher.js" >
				<metrics statements="2"  coveredstatements="2"  conditionals="4"  coveredconditionals="3"  methods="1"  coveredmethods="1" />
				<line num="1"  count="2"  type="cond"  truecount="3"  falsecount="1" />
				<line num="3"  count="2"  type="stmt" />
			</file>
			<file name="Constants.js"  path="/home/ubuntu/workspace/pypestream/app/Constants.js" >
				<metrics statements="1"  coveredstatements="1"  conditionals="0"  coveredconditionals="0"  methods="0"  coveredmethods="0" />
				<line num="1"  count="2"  type="stmt" />
			</file>
		</package>
		<package name="app.actions" >
			<metrics statements="5"  coveredstatements="4"  conditionals="4"  coveredconditionals="3"  methods="2"  coveredmethods="1" />
			<file name="actions.js"  path="/home/ubuntu/workspace/pypestream/app/actions/actions.js" >
				<metrics statements="5"  coveredstatements="4"  conditionals="4"  coveredconditionals="3"  methods="2"  coveredmethods="1" />
				<line num="1"  count="2"  type="stmt" />
				<line num="2"  count="2"  type="cond"  truecount="3"  falsecount="1" />
				<line num="4"  count="2"  type="stmt" />
				<line num="7"  count="0"  type="stmt" />
				<line num="9"  count="2"  type="stmt" />
			</file>
		</package>
		<package name="app.components" >
			<metrics statements="8"  coveredstatements="8"  conditionals="31"  coveredconditionals="19"  methods="10"  coveredmethods="10" />
			<file name="twit.js"  path="/home/ubuntu/workspace/pypestream/app/components/twit.js" >
				<metrics statements="8"  coveredstatements="8"  conditionals="31"  coveredconditionals="19"  methods="10"  coveredmethods="10" />
				<line num="1"  count="1"  type="cond"  truecount="5"  falsecount="3" />
				<line num="2"  count="1"  type="stmt" />
				<line num="3"  count="3"  type="cond"  truecount="14"  falsecount="9" />
				<line num="6"  count="1"  type="stmt" />
				<line num="8"  count="2"  type="stmt" />
				<line num="9"  count="1"  type="stmt" />
				<line num="14"  count="2"  type="stmt" />
				<line num="21"  count="1"  type="stmt" />
			</file>
		</package>
		<package name="app.services" >
			<metrics statements="7"  coveredstatements="7"  conditionals="4"  coveredconditionals="3"  methods="4"  coveredmethods="4" />
			<file name="twits.js"  path="/home/ubuntu/workspace/pypestream/app/services/twits.js" >
				<metrics statements="7"  coveredstatements="7"  conditionals="4"  coveredconditionals="3"  methods="4"  coveredmethods="4" />
				<line num="1"  count="1"  type="stmt" />
				<line num="4"  count="2"  type="cond"  truecount="3"  falsecount="1" />
				<line num="5"  count="1"  type="stmt" />
				<line num="7"  count="1"  type="stmt" />
				<line num="8"  count="1"  type="stmt" />
				<line num="9"  count="1"  type="stmt" />
				<line num="10"  count="1"  type="stmt" />
			</file>
		</package>
		<package name="app.services.__mocks__" >
			<metrics statements="7"  coveredstatements="7"  conditionals="0"  coveredconditionals="0"  methods="3"  coveredmethods="3" />
			<file name="request.js"  path="/home/ubuntu/workspace/pypestream/app/services/__mocks__/request.js" >
				<metrics statements="7"  coveredstatements="7"  conditionals="0"  coveredconditionals="0"  methods="3"  coveredmethods="3" />
				<line num="1"  count="1"  type="stmt" />
				<line num="9"  count="1"  type="stmt" />
				<line num="11"  count="1"  type="stmt" />
				<line num="13"  count="1"  type="stmt" />
				<line num="14"  count="1"  type="stmt" />
				<line num="17"  count="1"  type="stmt" />
				<line num="20"  count="1"  type="stmt" />
			</file>
		</package>
		<package name="app.stores" >
			<metrics statements="14"  coveredstatements="10"  conditionals="33"  coveredconditionals="18"  methods="12"  coveredmethods="9" />
			<file name="store.js"  path="/home/ubuntu/workspace/pypestream/app/stores/store.js" >
				<metrics statements="14"  coveredstatements="10"  conditionals="33"  coveredconditionals="18"  methods="12"  coveredmethods="9" />
				<line num="1"  count="2"  type="cond"  truecount="5"  falsecount="3" />
				<line num="2"  count="1"  type="stmt" />
				<line num="3"  count="1"  type="cond"  truecount="13"  falsecount="10" />
				<line num="5"  count="1"  type="stmt" />
				<line num="6"  count="1"  type="stmt" />
				<line num="8"  count="1"  type="stmt" />
				<line num="9"  count="1"  type="stmt" />
				<line num="12"  count="1"  type="stmt" />
				<line num="13"  count="0"  type="cond"  truecount="0"  falsecount="2" />
				<line num="15"  count="0"  type="stmt" />
				<line num="16"  count="0"  type="stmt" />
				<line num="19"  count="1"  type="stmt" />
				<line num="24"  count="0"  type="stmt" />
				<line num="28"  count="1"  type="stmt" />
			</file>
		</package>
	</project>
</coverage>
