{
"/home/ubuntu/workspace/app/app/services/twits.js":{"path":"/home/ubuntu/workspace/app/app/services/twits.js","s":{"1":1,"2":1,"3":1,"4":1,"5":1,"6":1,"7":1,"8":2,"9":1,"10":1,"11":1,"12":1,"13":1,"14":1,"15":1},"b":{"1":[2,0],"2":[2,2]},"f":{"1":2,"2":1,"3":1,"4":1},"fnMap":{"1":{"name":"_interopRequireDefault","line":4,"loc":{"start":{"line":4,"column":297},"end":{"line":4,"column":334}}},"2":{"name":"getTwits","line":4,"loc":{"start":{"line":4,"column":390},"end":{"line":4,"column":414}}},"3":{"name":"(anonymous_3)","line":5,"loc":{"start":{"line":5,"column":21},"end":{"line":5,"column":40}}},"4":{"name":"(anonymous_4)","line":7,"loc":{"start":{"line":7,"column":81},"end":{"line":7,"column":97}}}},"statementMap":{"1":{"start":{"line":1,"column":37},"end":{"line":1,"column":99},"skip":true},"2":{"start":{"line":1,"column":99},"end":{"line":4,"column":20}},"3":{"start":{"line":4,"column":20},"end":{"line":4,"column":89}},"4":{"start":{"line":4,"column":114},"end":{"line":4,"column":163}},"5":{"start":{"line":4,"column":163},"end":{"line":4,"column":223}},"6":{"start":{"line":4,"column":248},"end":{"line":4,"column":297}},"7":{"start":{"line":4,"column":297},"end":{"line":4,"column":390}},"8":{"start":{"line":4,"column":335},"end":{"line":4,"column":389}},"9":{"start":{"line":4,"column":390},"end":{"line":10,"column":59}},"10":{"start":{"line":4,"column":439},"end":{"line":4,"column":456}},"11":{"start":{"line":5,"column":2},"end":{"line":10,"column":58}},"12":{"start":{"line":7,"column":28},"end":{"line":10,"column":55}},"13":{"start":{"line":8,"column":30},"end":{"line":8,"column":49}},"14":{"start":{"line":9,"column":30},"end":{"line":9,"column":97}},"15":{"start":{"line":10,"column":6},"end":{"line":10,"column":52}}},"branchMap":{"1":{"line":4,"type":"cond-expr","locations":[{"start":{"line":4,"column":366},"end":{"line":4,"column":369}},{"start":{"line":4,"column":372},"end":{"line":4,"column":388}}]},"2":{"line":4,"type":"binary-expr","locations":[{"start":{"line":4,"column":342},"end":{"line":4,"column":345}},{"start":{"line":4,"column":349},"end":{"line":4,"column":363}}]}},"l":{"1":1,"4":2,"5":1,"7":1,"8":1,"9":1,"10":1}},
"/home/ubuntu/workspace/app/app/actions/actions.js":{"path":"/home/ubuntu/workspace/app/app/actions/actions.js","s":{"1":2,"2":2,"3":2,"4":2,"5":2,"6":2,"7":2,"8":0,"9":2},"b":{"1":[2,0],"2":[2,2]},"f":{"1":2,"2":0},"fnMap":{"1":{"name":"_interopRequireDefault","line":2,"loc":{"start":{"line":2,"column":90},"end":{"line":2,"column":127}}},"2":{"name":"dataLoaded","line":6,"loc":{"start":{"line":6,"column":16},"end":{"line":6,"column":38}}}},"statementMap":{"1":{"start":{"line":1,"column":37},"end":{"line":1,"column":99},"skip":true},"2":{"start":{"line":1,"column":99},"end":{"line":1,"column":172}},"3":{"start":{"line":1,"column":197},"end":{"line":1,"column":258}},"4":{"start":{"line":2,"column":0},"end":{"line":2,"column":65}},"5":{"start":{"line":2,"column":90},"end":{"line":2,"column":183}},"6":{"start":{"line":2,"column":128},"end":{"line":2,"column":182}},"7":{"start":{"line":4,"column":0},"end":{"line":9,"column":29}},"8":{"start":{"line":7,"column":32},"end":{"line":9,"column":25}},"9":{"start":{"line":9,"column":54},"end":{"line":15,"column":8}}},"branchMap":{"1":{"line":2,"type":"cond-expr","locations":[{"start":{"line":2,"column":159},"end":{"line":2,"column":162}},{"start":{"line":2,"column":165},"end":{"line":2,"column":181}}]},"2":{"line":2,"type":"binary-expr","locations":[{"start":{"line":2,"column":135},"end":{"line":2,"column":138}},{"start":{"line":2,"column":142},"end":{"line":2,"column":156}}]}},"l":{"1":2,"2":2,"4":2,"7":0,"9":2}},
"/home/ubuntu/workspace/app/app/AppDispatcher.js":{"path":"/home/ubuntu/workspace/app/app/AppDispatcher.js","s":{"1":2,"2":2,"3":2,"4":2,"5":2,"6":2,"7":2},"b":{"1":[0,2],"2":[2,2]},"f":{"1":2},"fnMap":{"1":{"name":"_interopRequireDefault","line":1,"loc":{"start":{"line":1,"column":219},"end":{"line":1,"column":256}}}},"statementMap":{"1":{"start":{"line":1,"column":37},"end":{"line":1,"column":99},"skip":true},"2":{"start":{"line":1,"column":99},"end":{"line":1,"column":151}},"3":{"start":{"line":1,"column":176},"end":{"line":1,"column":219}},"4":{"start":{"line":1,"column":219},"end":{"line":1,"column":312}},"5":{"start":{"line":1,"column":257},"end":{"line":1,"column":311}},"6":{"start":{"line":3,"column":0},"end":{"line":3,"column":76}},"7":{"start":{"line":3,"column":101},"end":{"line":5,"column":14}}},"branchMap":{"1":{"line":1,"type":"cond-expr","locations":[{"start":{"line":1,"column":288},"end":{"line":1,"column":291}},{"start":{"line":1,"column":294},"end":{"line":1,"column":310}}]},"2":{"line":1,"type":"binary-expr","locations":[{"start":{"line":1,"column":264},"end":{"line":1,"column":267}},{"start":{"line":1,"column":271},"end":{"line":1,"column":285}}]}},"l":{"1":2,"3":2}},
"/home/ubuntu/workspace/app/app/Constants.js":{"path":"/home/ubuntu/workspace/app/app/Constants.js","s":{"1":2,"2":2},"b":{},"f":{},"fnMap":{},"statementMap":{"1":{"start":{"line":1,"column":37},"end":{"line":1,"column":99},"skip":true},"2":{"start":{"line":1,"column":99},"end":{"line":2,"column":33}}},"branchMap":{},"l":{"1":2}},
"/home/ubuntu/workspace/app/app/services/__mocks__/request.js":{"path":"/home/ubuntu/workspace/app/app/services/__mocks__/request.js","s":{"1":1,"2":1,"3":1,"4":1,"5":1,"6":1,"7":1,"8":1,"9":1},"b":{},"f":{"1":1,"2":1,"3":1},"fnMap":{"1":{"name":"request","line":9,"loc":{"start":{"line":9,"column":72},"end":{"line":9,"column":94}}},"2":{"name":"(anonymous_2)","line":11,"loc":{"start":{"line":11,"column":28},"end":{"line":11,"column":47}}},"3":{"name":"(anonymous_3)","line":13,"loc":{"start":{"line":13,"column":15},"end":{"line":13,"column":27}}}},"statementMap":{"1":{"start":{"line":1,"column":37},"end":{"line":1,"column":99},"skip":true},"2":{"start":{"line":1,"column":99},"end":{"line":9,"column":8}},"3":{"start":{"line":9,"column":24},"end":{"line":9,"column":72}},"4":{"start":{"line":9,"column":72},"end":{"line":20,"column":18}},"5":{"start":{"line":11,"column":2},"end":{"line":17,"column":27}},"6":{"start":{"line":13,"column":4},"end":{"line":14,"column":23}},"7":{"start":{"line":14,"column":6},"end":{"line":14,"column":20}},"8":{"start":{"line":17,"column":4},"end":{"line":17,"column":24}},"9":{"start":{"line":20,"column":2},"end":{"line":20,"column":17}}},"branchMap":{},"l":{"1":1,"9":1,"11":1,"13":1,"14":1,"17":1,"20":1}},
"/home/ubuntu/workspace/app/app/components/twit.js":{"path":"/home/ubuntu/workspace/app/app/components/twit.js","s":{"1":1,"2":1,"3":1,"4":1,"5":1,"6":1,"7":1,"8":1,"9":1,"10":1,"11":1,"12":1,"13":1,"14":1,"15":0,"16":1,"17":1,"18":1,"19":1,"20":1,"21":1,"22":1,"23":1,"24":3,"25":1,"26":2,"27":0,"28":1,"29":2,"30":0,"31":2,"32":1,"33":1,"34":0,"35":1,"36":1,"37":1,"38":1,"39":1,"40":1,"41":2,"42":2,"43":1,"44":2,"45":1,"46":1},"b":{"1":[1,1],"2":[1,0],"3":[1,0],"4":[0,1],"5":[2,1],"6":[3,3],"7":[0,2],"8":[0,2],"9":[0,2],"10":[2,0,0],"11":[0,1],"12":[1,0],"13":[1,1],"14":[1,0],"15":[1,0]},"f":{"1":1,"2":1,"3":1,"4":3,"5":2,"6":2,"7":1,"8":1,"9":2,"10":2},"fnMap":{"1":{"name":"(anonymous_1)","line":1,"loc":{"start":{"line":1,"column":118},"end":{"line":1,"column":130}}},"2":{"name":"defineProperties","line":1,"loc":{"start":{"line":1,"column":131},"end":{"line":1,"column":172}}},"3":{"name":"(anonymous_3)","line":1,"loc":{"start":{"line":1,"column":446},"end":{"line":1,"column":494}}},"4":{"name":"_interopRequireDefault","line":3,"loc":{"start":{"line":3,"column":134},"end":{"line":3,"column":171}}},"5":{"name":"_classCallCheck","line":3,"loc":{"start":{"line":3,"column":227},"end":{"line":3,"column":275}}},"6":{"name":"_possibleConstructorReturn","line":3,"loc":{"start":{"line":3,"column":376},"end":{"line":3,"column":424}}},"7":{"name":"_inherits","line":3,"loc":{"start":{"line":3,"column":611},"end":{"line":3,"column":652}}},"8":{"name":"(anonymous_8)","line":6,"loc":{"start":{"line":6,"column":7},"end":{"line":6,"column":35}}},"9":{"name":"Twit","line":8,"loc":{"start":{"line":8,"column":4},"end":{"line":8,"column":25}}},"10":{"name":"render","line":9,"loc":{"start":{"line":9,"column":61},"end":{"line":12,"column":8}}}},"statementMap":{"1":{"start":{"line":1,"column":37},"end":{"line":1,"column":99},"skip":true},"2":{"start":{"line":1,"column":99},"end":{"line":1,"column":648}},"3":{"start":{"line":1,"column":131},"end":{"line":1,"column":439}},"4":{"start":{"line":1,"column":173},"end":{"line":1,"column":438}},"5":{"start":{"line":1,"column":213},"end":{"line":1,"column":239}},"6":{"start":{"line":1,"column":239},"end":{"line":1,"column":294}},"7":{"start":{"line":1,"column":294},"end":{"line":1,"column":325}},"8":{"start":{"line":1,"column":325},"end":{"line":1,"column":379}},"9":{"start":{"line":1,"column":352},"end":{"line":1,"column":379}},"10":{"start":{"line":1,"column":379},"end":{"line":1,"column":437}},"11":{"start":{"line":1,"column":439},"end":{"line":1,"column":644}},"12":{"start":{"line":1,"column":495},"end":{"line":1,"column":563}},"13":{"start":{"line":1,"column":511},"end":{"line":1,"column":563}},"14":{"start":{"line":1,"column":563},"end":{"line":1,"column":623}},"15":{"start":{"line":1,"column":580},"end":{"line":1,"column":623}},"16":{"start":{"line":1,"column":623},"end":{"line":1,"column":642}},"17":{"start":{"line":1,"column":648},"end":{"line":1,"column":702}},"18":{"start":{"line":1,"column":727},"end":{"line":1,"column":772}},"19":{"start":{"line":2,"column":0},"end":{"line":2,"column":69}},"20":{"start":{"line":2,"column":94},"end":{"line":2,"column":143}},"21":{"start":{"line":3,"column":0},"end":{"line":3,"column":64}},"22":{"start":{"line":3,"column":89},"end":{"line":3,"column":134}},"23":{"start":{"line":3,"column":134},"end":{"line":3,"column":227}},"24":{"start":{"line":3,"column":172},"end":{"line":3,"column":226}},"25":{"start":{"line":3,"column":227},"end":{"line":3,"column":376}},"26":{"start":{"line":3,"column":276},"end":{"line":3,"column":375}},"27":{"start":{"line":3,"column":317},"end":{"line":3,"column":374}},"28":{"start":{"line":3,"column":376},"end":{"line":3,"column":611}},"29":{"start":{"line":3,"column":425},"end":{"line":3,"column":524}},"30":{"start":{"line":3,"column":437},"end":{"line":3,"column":523}},"31":{"start":{"line":3,"column":524},"end":{"line":3,"column":610}},"32":{"start":{"line":3,"column":611},"end":{"line":3,"column":1099}},"33":{"start":{"line":3,"column":653},"end":{"line":3,"column":816}},"34":{"start":{"line":3,"column":715},"end":{"line":3,"column":815}},"35":{"start":{"line":3,"column":816},"end":{"line":3,"column":980}},"36":{"start":{"line":3,"column":980},"end":{"line":3,"column":1098}},"37":{"start":{"line":3,"column":996},"end":{"line":3,"column":1098}},"38":{"start":{"line":3,"column":1099},"end":{"line":21,"column":281}},"39":{"start":{"line":6,"column":36},"end":{"line":6,"column":70}},"40":{"start":{"line":8,"column":4},"end":{"line":9,"column":17}},"41":{"start":{"line":8,"column":50},"end":{"line":8,"column":78}},"42":{"start":{"line":8,"column":103},"end":{"line":9,"column":16}},"43":{"start":{"line":9,"column":17},"end":{"line":21,"column":215}},"44":{"start":{"line":14,"column":12},"end":{"line":21,"column":209}},"45":{"start":{"line":21,"column":215},"end":{"line":21,"column":227}},"46":{"start":{"line":21,"column":306},"end":{"line":21,"column":329}}},"branchMap":{"1":{"line":1,"type":"binary-expr","locations":[{"start":{"line":1,"column":263},"end":{"line":1,"column":284}},{"start":{"line":1,"column":288},"end":{"line":1,"column":293}}]},"2":{"line":1,"type":"if","locations":[{"start":{"line":1,"column":325},"end":{"line":1,"column":325}},{"start":{"line":1,"column":325},"end":{"line":1,"column":325}}]},"3":{"line":1,"type":"if","locations":[{"start":{"line":1,"column":495},"end":{"line":1,"column":495}},{"start":{"line":1,"column":495},"end":{"line":1,"column":495}}]},"4":{"line":1,"type":"if","locations":[{"start":{"line":1,"column":563},"end":{"line":1,"column":563}},{"start":{"line":1,"column":563},"end":{"line":1,"column":563}}]},"5":{"line":3,"type":"cond-expr","locations":[{"start":{"line":3,"column":203},"end":{"line":3,"column":206}},{"start":{"line":3,"column":209},"end":{"line":3,"column":225}}]},"6":{"line":3,"type":"binary-expr","locations":[{"start":{"line":3,"column":179},"end":{"line":3,"column":182}},{"start":{"line":3,"column":186},"end":{"line":3,"column":200}}]},"7":{"line":3,"type":"if","locations":[{"start":{"line":3,"column":276},"end":{"line":3,"column":276}},{"start":{"line":3,"column":276},"end":{"line":3,"column":276}}]},"8":{"line":3,"type":"if","locations":[{"start":{"line":3,"column":425},"end":{"line":3,"column":425}},{"start":{"line":3,"column":425},"end":{"line":3,"column":425}}]},"9":{"line":3,"type":"cond-expr","locations":[{"start":{"line":3,"column":598},"end":{"line":3,"column":602}},{"start":{"line":3,"column":605},"end":{"line":3,"column":609}}]},"10":{"line":3,"type":"binary-expr","locations":[{"start":{"line":3,"column":531},"end":{"line":3,"column":535}},{"start":{"line":3,"column":540},"end":{"line":3,"column":564}},{"start":{"line":3,"column":568},"end":{"line":3,"column":594}}]},"11":{"line":3,"type":"if","locations":[{"start":{"line":3,"column":653},"end":{"line":3,"column":653}},{"start":{"line":3,"column":653},"end":{"line":3,"column":653}}]},"12":{"line":3,"type":"binary-expr","locations":[{"start":{"line":3,"column":657},"end":{"line":3,"column":689}},{"start":{"line":3,"column":693},"end":{"line":3,"column":712}}]},"13":{"line":3,"type":"binary-expr","locations":[{"start":{"line":3,"column":851},"end":{"line":3,"column":861}},{"start":{"line":3,"column":865},"end":{"line":3,"column":885}}]},"14":{"line":3,"type":"if","locations":[{"start":{"line":3,"column":980},"end":{"line":3,"column":980}},{"start":{"line":3,"column":980},"end":{"line":3,"column":980}}]},"15":{"line":3,"type":"cond-expr","locations":[{"start":{"line":3,"column":1020},"end":{"line":3,"column":1063}},{"start":{"line":3,"column":1066},"end":{"line":3,"column":1097}}]}},"l":{"1":1,"2":1,"3":3,"6":1,"8":2,"9":1,"14":2,"21":1}},
"/home/ubuntu/workspace/app/app/stores/store.js":{"path":"/home/ubuntu/workspace/app/app/stores/store.js","s":{"1":1,"2":1,"3":1,"4":1,"5":2,"6":2,"7":2,"8":2,"9":2,"10":2,"11":1,"12":1,"13":1,"14":1,"15":0,"16":1,"17":1,"18":1,"19":1,"20":1,"21":1,"22":1,"23":1,"24":1,"25":0,"26":1,"27":1,"28":0,"29":1,"30":1,"31":1,"32":0,"33":1,"34":1,"35":1,"36":1,"37":1,"38":1,"39":1,"40":1,"41":1,"42":1,"43":1,"44":0,"45":0,"46":0,"47":1,"48":1,"49":0,"50":0,"51":1,"52":1},"b":{"1":[2,2],"2":[2,0],"3":[1,0],"4":[0,1],"5":[1,0],"6":[1,1],"7":[0,1],"8":[0,1],"9":[0,1],"10":[1,0,0],"11":[0,1],"12":[1,0],"13":[1,1],"14":[1,0],"15":[1,0],"16":[0,0]},"f":{"1":1,"2":1,"3":1,"4":1,"5":1,"6":1,"7":1,"8":1,"9":1,"10":0,"11":0,"12":0},"fnMap":{"1":{"name":"(anonymous_1)","line":1,"loc":{"start":{"line":1,"column":118},"end":{"line":1,"column":130}}},"2":{"name":"defineProperties","line":1,"loc":{"start":{"line":1,"column":131},"end":{"line":1,"column":172}}},"3":{"name":"(anonymous_3)","line":1,"loc":{"start":{"line":1,"column":446},"end":{"line":1,"column":494}}},"4":{"name":"_interopRequireDefault","line":3,"loc":{"start":{"line":3,"column":81},"end":{"line":3,"column":118}}},"5":{"name":"_classCallCheck","line":3,"loc":{"start":{"line":3,"column":174},"end":{"line":3,"column":222}}},"6":{"name":"_possibleConstructorReturn","line":3,"loc":{"start":{"line":3,"column":323},"end":{"line":3,"column":371}}},"7":{"name":"_inherits","line":3,"loc":{"start":{"line":3,"column":558},"end":{"line":3,"column":599}}},"8":{"name":"(anonymous_8)","line":8,"loc":{"start":{"line":8,"column":8},"end":{"line":8,"column":33}}},"9":{"name":"Store","line":9,"loc":{"start":{"line":9,"column":4},"end":{"line":9,"column":26}}},"10":{"name":"(anonymous_10)","line":12,"loc":{"start":{"line":12,"column":65},"end":{"line":12,"column":83}}},"11":{"name":"getCard","line":19,"loc":{"start":{"line":19,"column":101},"end":{"line":23,"column":8}}},"12":{"name":"getClickedCard","line":24,"loc":{"start":{"line":24,"column":70},"end":{"line":27,"column":8}}}},"statementMap":{"1":{"start":{"line":1,"column":37},"end":{"line":1,"column":99},"skip":true},"2":{"start":{"line":1,"column":99},"end":{"line":1,"column":648}},"3":{"start":{"line":1,"column":131},"end":{"line":1,"column":439}},"4":{"start":{"line":1,"column":173},"end":{"line":1,"column":438}},"5":{"start":{"line":1,"column":213},"end":{"line":1,"column":239}},"6":{"start":{"line":1,"column":239},"end":{"line":1,"column":294}},"7":{"start":{"line":1,"column":294},"end":{"line":1,"column":325}},"8":{"start":{"line":1,"column":325},"end":{"line":1,"column":379}},"9":{"start":{"line":1,"column":352},"end":{"line":1,"column":379}},"10":{"start":{"line":1,"column":379},"end":{"line":1,"column":437}},"11":{"start":{"line":1,"column":439},"end":{"line":1,"column":644}},"12":{"start":{"line":1,"column":495},"end":{"line":1,"column":563}},"13":{"start":{"line":1,"column":511},"end":{"line":1,"column":563}},"14":{"start":{"line":1,"column":563},"end":{"line":1,"column":623}},"15":{"start":{"line":1,"column":580},"end":{"line":1,"column":623}},"16":{"start":{"line":1,"column":623},"end":{"line":1,"column":642}},"17":{"start":{"line":1,"column":648},"end":{"line":1,"column":721}},"18":{"start":{"line":1,"column":746},"end":{"line":1,"column":807}},"19":{"start":{"line":2,"column":0},"end":{"line":2,"column":65}},"20":{"start":{"line":3,"column":0},"end":{"line":3,"column":56}},"21":{"start":{"line":3,"column":81},"end":{"line":3,"column":174}},"22":{"start":{"line":3,"column":119},"end":{"line":3,"column":173}},"23":{"start":{"line":3,"column":174},"end":{"line":3,"column":323}},"24":{"start":{"line":3,"column":223},"end":{"line":3,"column":322}},"25":{"start":{"line":3,"column":264},"end":{"line":3,"column":321}},"26":{"start":{"line":3,"column":323},"end":{"line":3,"column":558}},"27":{"start":{"line":3,"column":372},"end":{"line":3,"column":471}},"28":{"start":{"line":3,"column":384},"end":{"line":3,"column":470}},"29":{"start":{"line":3,"column":471},"end":{"line":3,"column":557}},"30":{"start":{"line":3,"column":558},"end":{"line":3,"column":1046}},"31":{"start":{"line":3,"column":600},"end":{"line":3,"column":763}},"32":{"start":{"line":3,"column":662},"end":{"line":3,"column":762}},"33":{"start":{"line":3,"column":763},"end":{"line":3,"column":927}},"34":{"start":{"line":3,"column":927},"end":{"line":3,"column":1045}},"35":{"start":{"line":3,"column":943},"end":{"line":3,"column":1045}},"36":{"start":{"line":5,"column":0},"end":{"line":5,"column":51}},"37":{"start":{"line":6,"column":0},"end":{"line":6,"column":49}},"38":{"start":{"line":6,"column":74},"end":{"line":28,"column":74}},"39":{"start":{"line":8,"column":34},"end":{"line":8,"column":66}},"40":{"start":{"line":9,"column":4},"end":{"line":19,"column":55}},"41":{"start":{"line":9,"column":51},"end":{"line":9,"column":80}},"42":{"start":{"line":9,"column":105},"end":{"line":10,"column":16}},"43":{"start":{"line":12,"column":32},"end":{"line":19,"column":16}},"44":{"start":{"line":13,"column":12},"end":{"line":19,"column":13}},"45":{"start":{"line":15,"column":44},"end":{"line":15,"column":70}},"46":{"start":{"line":16,"column":20},"end":{"line":16,"column":26}},"47":{"start":{"line":19,"column":41},"end":{"line":19,"column":54}},"48":{"start":{"line":19,"column":55},"end":{"line":28,"column":37}},"49":{"start":{"line":24,"column":12},"end":{"line":24,"column":33}},"50":{"start":{"line":28,"column":12},"end":{"line":28,"column":31}},"51":{"start":{"line":28,"column":37},"end":{"line":28,"column":50}},"52":{"start":{"line":28,"column":99},"end":{"line":33,"column":12}}},"branchMap":{"1":{"line":1,"type":"binary-expr","locations":[{"start":{"line":1,"column":263},"end":{"line":1,"column":284}},{"start":{"line":1,"column":288},"end":{"line":1,"column":293}}]},"2":{"line":1,"type":"if","locations":[{"start":{"line":1,"column":325},"end":{"line":1,"column":325}},{"start":{"line":1,"column":325},"end":{"line":1,"column":325}}]},"3":{"line":1,"type":"if","locations":[{"start":{"line":1,"column":495},"end":{"line":1,"column":495}},{"start":{"line":1,"column":495},"end":{"line":1,"column":495}}]},"4":{"line":1,"type":"if","locations":[{"start":{"line":1,"column":563},"end":{"line":1,"column":563}},{"start":{"line":1,"column":563},"end":{"line":1,"column":563}}]},"5":{"line":3,"type":"cond-expr","locations":[{"start":{"line":3,"column":150},"end":{"line":3,"column":153}},{"start":{"line":3,"column":156},"end":{"line":3,"column":172}}]},"6":{"line":3,"type":"binary-expr","locations":[{"start":{"line":3,"column":126},"end":{"line":3,"column":129}},{"start":{"line":3,"column":133},"end":{"line":3,"column":147}}]},"7":{"line":3,"type":"if","locations":[{"start":{"line":3,"column":223},"end":{"line":3,"column":223}},{"start":{"line":3,"column":223},"end":{"line":3,"column":223}}]},"8":{"line":3,"type":"if","locations":[{"start":{"line":3,"column":372},"end":{"line":3,"column":372}},{"start":{"line":3,"column":372},"end":{"line":3,"column":372}}]},"9":{"line":3,"type":"cond-expr","locations":[{"start":{"line":3,"column":545},"end":{"line":3,"column":549}},{"start":{"line":3,"column":552},"end":{"line":3,"column":556}}]},"10":{"line":3,"type":"binary-expr","locations":[{"start":{"line":3,"column":478},"end":{"line":3,"column":482}},{"start":{"line":3,"column":487},"end":{"line":3,"column":511}},{"start":{"line":3,"column":515},"end":{"line":3,"column":541}}]},"11":{"line":3,"type":"if","locations":[{"start":{"line":3,"column":600},"end":{"line":3,"column":600}},{"start":{"line":3,"column":600},"end":{"line":3,"column":600}}]},"12":{"line":3,"type":"binary-expr","locations":[{"start":{"line":3,"column":604},"end":{"line":3,"column":636}},{"start":{"line":3,"column":640},"end":{"line":3,"column":659}}]},"13":{"line":3,"type":"binary-expr","locations":[{"start":{"line":3,"column":798},"end":{"line":3,"column":808}},{"start":{"line":3,"column":812},"end":{"line":3,"column":832}}]},"14":{"line":3,"type":"if","locations":[{"start":{"line":3,"column":927},"end":{"line":3,"column":927}},{"start":{"line":3,"column":927},"end":{"line":3,"column":927}}]},"15":{"line":3,"type":"cond-expr","locations":[{"start":{"line":3,"column":967},"end":{"line":3,"column":1010}},{"start":{"line":3,"column":1013},"end":{"line":3,"column":1044}}]},"16":{"line":13,"type":"switch","locations":[{"start":{"line":14,"column":16},"end":{"line":16,"column":26}},{"start":{"line":17,"column":16},"end":{"line":17,"column":24}}]}},"l":{"1":2,"2":1,"3":1,"5":1,"6":1,"8":1,"9":1,"12":1,"13":0,"15":0,"16":0,"19":1,"24":0,"28":1}}}
