TN:
SF:/home/ubuntu/workspace/pypestream/app/services/twits.js
FN:4,_interopRequireDefault
FN:4,getTwits
FN:5,(anonymous_3)
FN:7,(anonymous_4)
FNF:4
FNH:4
FNDA:2,_interopRequireDefault
FNDA:1,getTwits
FNDA:1,(anonymous_3)
FNDA:1,(anonymous_4)
DA:1,1
DA:4,2
DA:5,1
DA:7,1
DA:8,1
DA:9,1
DA:10,1
LF:7
LH:7
BRDA:4,1,0,2
BRDA:4,1,1,0
BRDA:4,2,0,2
BRDA:4,2,1,2
BRF:4
BRH:3
end_of_record
TN:
SF:/home/ubuntu/workspace/pypestream/app/actions/actions.js
FN:2,_interopRequireDefault
FN:6,dataLoaded
FNF:2
FNH:1
FNDA:2,_interopRequireDefault
FNDA:0,dataLoaded
DA:1,2
DA:2,2
DA:4,2
DA:7,0
DA:9,2
LF:5
LH:4
BRDA:2,1,0,2
BRDA:2,1,1,0
BRDA:2,2,0,2
BRDA:2,2,1,2
BRF:4
BRH:3
end_of_record
TN:
SF:/home/ubuntu/workspace/pypestream/app/AppDispatcher.js
FN:1,_interopRequireDefault
FNF:1
FNH:1
FNDA:2,_interopRequireDefault
DA:1,2
DA:3,2
LF:2
LH:2
BRDA:1,1,0,0
BRDA:1,1,1,2
BRDA:1,2,0,2
BRDA:1,2,1,2
BRF:4
BRH:3
end_of_record
TN:
SF:/home/ubuntu/workspace/pypestream/app/Constants.js
FNF:0
FNH:0
DA:1,2
LF:1
LH:1
BRF:0
BRH:0
end_of_record
TN:
SF:/home/ubuntu/workspace/pypestream/app/services/__mocks__/request.js
FN:9,request
FN:11,(anonymous_2)
FN:13,(anonymous_3)
FNF:3
FNH:3
FNDA:1,request
FNDA:1,(anonymous_2)
FNDA:1,(anonymous_3)
DA:1,1
DA:9,1
DA:11,1
DA:13,1
DA:14,1
DA:17,1
DA:20,1
LF:7
LH:7
BRF:0
BRH:0
end_of_record
TN:
SF:/home/ubuntu/workspace/pypestream/app/components/twit.js
FN:1,(anonymous_1)
FN:1,defineProperties
FN:1,(anonymous_3)
FN:3,_interopRequireDefault
FN:3,_classCallCheck
FN:3,_possibleConstructorReturn
FN:3,_inherits
FN:6,(anonymous_8)
FN:8,Twit
FN:9,render
FNF:10
FNH:10
FNDA:1,(anonymous_1)
FNDA:1,defineProperties
FNDA:1,(anonymous_3)
FNDA:3,_interopRequireDefault
FNDA:2,_classCallCheck
FNDA:2,_possibleConstructorReturn
FNDA:1,_inherits
FNDA:1,(anonymous_8)
FNDA:2,Twit
FNDA:2,render
DA:1,1
DA:2,1
DA:3,3
DA:6,1
DA:8,2
DA:9,1
DA:14,2
DA:21,1
LF:8
LH:8
BRDA:1,1,0,1
BRDA:1,1,1,1
BRDA:1,2,0,1
BRDA:1,2,1,0
BRDA:1,3,0,1
BRDA:1,3,1,0
BRDA:1,4,0,0
BRDA:1,4,1,1
BRDA:3,5,0,2
BRDA:3,5,1,1
BRDA:3,6,0,3
BRDA:3,6,1,3
BRDA:3,7,0,0
BRDA:3,7,1,2
BRDA:3,8,0,0
BRDA:3,8,1,2
BRDA:3,9,0,0
BRDA:3,9,1,2
BRDA:3,10,0,2
BRDA:3,10,1,0
BRDA:3,10,2,0
BRDA:3,11,0,0
BRDA:3,11,1,1
BRDA:3,12,0,1
BRDA:3,12,1,0
BRDA:3,13,0,1
BRDA:3,13,1,1
BRDA:3,14,0,1
BRDA:3,14,1,0
BRDA:3,15,0,1
BRDA:3,15,1,0
BRF:31
BRH:19
end_of_record
TN:
SF:/home/ubuntu/workspace/pypestream/app/stores/store.js
FN:1,(anonymous_1)
FN:1,defineProperties
FN:1,(anonymous_3)
FN:3,_interopRequireDefault
FN:3,_classCallCheck
FN:3,_possibleConstructorReturn
FN:3,_inherits
FN:8,(anonymous_8)
FN:9,Store
FN:12,(anonymous_10)
FN:19,getCard
FN:24,getClickedCard
FNF:12
FNH:9
FNDA:1,(anonymous_1)
FNDA:1,defineProperties
FNDA:1,(anonymous_3)
FNDA:1,_interopRequireDefault
FNDA:1,_classCallCheck
FNDA:1,_possibleConstructorReturn
FNDA:1,_inherits
FNDA:1,(anonymous_8)
FNDA:1,Store
FNDA:0,(anonymous_10)
FNDA:0,getCard
FNDA:0,getClickedCard
DA:1,2
DA:2,1
DA:3,1
DA:5,1
DA:6,1
DA:8,1
DA:9,1
DA:12,1
DA:13,0
DA:15,0
DA:16,0
DA:19,1
DA:24,0
DA:28,1
LF:14
LH:10
BRDA:1,1,0,2
BRDA:1,1,1,2
BRDA:1,2,0,2
BRDA:1,2,1,0
BRDA:1,3,0,1
BRDA:1,3,1,0
BRDA:1,4,0,0
BRDA:1,4,1,1
BRDA:3,5,0,1
BRDA:3,5,1,0
BRDA:3,6,0,1
BRDA:3,6,1,1
BRDA:3,7,0,0
BRDA:3,7,1,1
BRDA:3,8,0,0
BRDA:3,8,1,1
BRDA:3,9,0,0
BRDA:3,9,1,1
BRDA:3,10,0,1
BRDA:3,10,1,0
BRDA:3,10,2,0
BRDA:3,11,0,0
BRDA:3,11,1,1
BRDA:3,12,0,1
BRDA:3,12,1,0
BRDA:3,13,0,1
BRDA:3,13,1,1
BRDA:3,14,0,1
BRDA:3,14,1,0
BRDA:3,15,0,1
BRDA:3,15,1,0
BRDA:13,16,0,0
BRDA:13,16,1,0
BRF:33
BRH:18
end_of_record
